
  .   ____          _            __ _ _
 /\\ / ___'_ __ _ _(_)_ __  __ _ \ \ \ \
( ( )\___ | '_ | '_| | '_ \/ _` | \ \ \ \
 \\/  ___)| |_)| | | | | || (_| |  ) ) ) )
  '  |____| .__|_| |_|_| |_\__, | / / / /
 =========|_|==============|___/=/_/_/_/
 :: Spring Boot ::                (v3.2.5)

2024-12-05T16:59:00.415-05:00  INFO 12240 --- [msvc-security] [           main] c.m.MicroserviceSecurityApplication      : Starting MicroserviceSecurityApplication v0.0.1-SNAPSHOT using Java 17.0.11 with PID 12240 (C:\edemco\compilados-edemco\microservice-security-0.0.1-SNAPSHOT.jar started by usuario in C:\edemco\compilados-edemco)
2024-12-05T16:59:00.418-05:00  INFO 12240 --- [msvc-security] [           main] c.m.MicroserviceSecurityApplication      : No active profile set, falling back to 1 default profile: "default"
2024-12-05T16:59:00.474-05:00  INFO 12240 --- [msvc-security] [           main] o.s.c.c.c.ConfigServerConfigDataLoader   : Fetching config from server at : http://localhost:8888
2024-12-05T16:59:00.474-05:00  INFO 12240 --- [msvc-security] [           main] o.s.c.c.c.ConfigServerConfigDataLoader   : Located environment: name=msvc-security, profiles=[default], label=null, version=null, state=null
2024-12-05T16:59:01.398-05:00  INFO 12240 --- [msvc-security] [           main] .s.d.r.c.RepositoryConfigurationDelegate : Bootstrapping Spring Data JPA repositories in DEFAULT mode.
2024-12-05T16:59:01.475-05:00  INFO 12240 --- [msvc-security] [           main] .s.d.r.c.RepositoryConfigurationDelegate : Finished Spring Data repository scanning in 66 ms. Found 2 JPA repository interfaces.
2024-12-05T16:59:01.744-05:00  INFO 12240 --- [msvc-security] [           main] o.s.cloud.context.scope.GenericScope     : BeanFactory id=5f327438-a759-3d3e-ad65-f5cf51b55200
2024-12-05T16:59:02.335-05:00  INFO 12240 --- [msvc-security] [           main] o.s.b.w.embedded.tomcat.TomcatWebServer  : Tomcat initialized with port 8050 (http)
2024-12-05T16:59:02.359-05:00  INFO 12240 --- [msvc-security] [           main] o.apache.catalina.core.StandardService   : Starting service [Tomcat]
2024-12-05T16:59:02.359-05:00  INFO 12240 --- [msvc-security] [           main] o.apache.catalina.core.StandardEngine    : Starting Servlet engine: [Apache Tomcat/10.1.20]
2024-12-05T16:59:02.411-05:00  INFO 12240 --- [msvc-security] [           main] o.a.c.c.C.[Tomcat].[localhost].[/]       : Initializing Spring embedded WebApplicationContext
2024-12-05T16:59:02.412-05:00  INFO 12240 --- [msvc-security] [           main] w.s.c.ServletWebServerApplicationContext : Root WebApplicationContext: initialization completed in 1935 ms
2024-12-05T16:59:02.663-05:00  INFO 12240 --- [msvc-security] [           main] o.hibernate.jpa.internal.util.LogHelper  : HHH000204: Processing PersistenceUnitInfo [name: default]
2024-12-05T16:59:02.763-05:00  INFO 12240 --- [msvc-security] [           main] org.hibernate.Version                    : HHH000412: Hibernate ORM core version 6.4.4.Final
2024-12-05T16:59:02.815-05:00  INFO 12240 --- [msvc-security] [           main] o.h.c.internal.RegionFactoryInitiator    : HHH000026: Second-level cache disabled
2024-12-05T16:59:03.173-05:00  INFO 12240 --- [msvc-security] [           main] o.s.o.j.p.SpringPersistenceUnitInfo      : No LoadTimeWeaver setup: ignoring JPA class transformer
2024-12-05T16:59:03.225-05:00  INFO 12240 --- [msvc-security] [           main] com.zaxxer.hikari.HikariDataSource       : HikariPool-1 - Starting...
2024-12-05T16:59:03.639-05:00  INFO 12240 --- [msvc-security] [           main] com.zaxxer.hikari.pool.HikariPool        : HikariPool-1 - Added connection ConnectionID:1 ClientConnectionId: 33c0b5e6-cc3b-406a-99d0-d659edec462d
2024-12-05T16:59:03.641-05:00  INFO 12240 --- [msvc-security] [           main] com.zaxxer.hikari.HikariDataSource       : HikariPool-1 - Start completed.
2024-12-05T16:59:03.677-05:00  WARN 12240 --- [msvc-security] [           main] org.hibernate.orm.deprecation            : HHH90000025: SQLServerDialect does not need to be specified explicitly using 'hibernate.dialect' (remove the property setting and it will be selected by default)
2024-12-05T16:59:04.724-05:00  INFO 12240 --- [msvc-security] [           main] o.h.e.t.j.p.i.JtaPlatformInitiator       : HHH000489: No JTA platform available (set 'hibernate.transaction.jta.platform' to enable JTA platform integration)
2024-12-05T16:59:05.018-05:00  INFO 12240 --- [msvc-security] [           main] j.LocalContainerEntityManagerFactoryBean : Initialized JPA EntityManagerFactory for persistence unit 'default'
2024-12-05T16:59:05.421-05:00  INFO 12240 --- [msvc-security] [           main] o.s.d.j.r.query.QueryEnhancerFactory     : Hibernate is in classpath; If applicable, HQL parser will be used.
2024-12-05T16:59:05.992-05:00  WARN 12240 --- [msvc-security] [           main] JpaBaseConfiguration$JpaWebConfiguration : spring.jpa.open-in-view is enabled by default. Therefore, database queries may be performed during view rendering. Explicitly configure spring.jpa.open-in-view to disable this warning
2024-12-05T16:59:06.349-05:00  INFO 12240 --- [msvc-security] [           main] o.s.s.web.DefaultSecurityFilterChain     : Will secure any request with [org.springframework.security.web.session.DisableEncodeUrlFilter@3da76d3a, org.springframework.security.web.context.request.async.WebAsyncManagerIntegrationFilter@167da81d, org.springframework.security.web.context.SecurityContextHolderFilter@2c332922, org.springframework.security.web.header.HeaderWriterFilter@4951c45f, org.springframework.web.filter.CorsFilter@24c6a471, org.springframework.security.web.authentication.logout.LogoutFilter@505e8d48, org.springframework.security.web.savedrequest.RequestCacheAwareFilter@74534564, org.springframework.security.web.servletapi.SecurityContextHolderAwareRequestFilter@5876cd86, org.springframework.security.web.authentication.AnonymousAuthenticationFilter@1fce17b8, org.springframework.security.web.access.ExceptionTranslationFilter@67b6cb6e, org.springframework.security.web.access.intercept.AuthorizationFilter@4a6c33a0]
2024-12-05T16:59:06.707-05:00  INFO 12240 --- [msvc-security] [           main] o.s.b.w.embedded.tomcat.TomcatWebServer  : Tomcat started on port 8050 (http) with context path ''
2024-12-05T16:59:06.794-05:00  INFO 12240 --- [msvc-security] [           main] c.m.MicroserviceSecurityApplication      : Started MicroserviceSecurityApplication in 7.832 seconds (process running for 8.646)
2024-12-05T16:59:06.861-05:00  INFO 12240 --- [msvc-security] [nio-8050-exec-1] o.a.c.c.C.[Tomcat].[localhost].[/]       : Initializing Spring DispatcherServlet 'dispatcherServlet'
2024-12-05T16:59:06.861-05:00  INFO 12240 --- [msvc-security] [nio-8050-exec-1] o.s.web.servlet.DispatcherServlet        : Initializing Servlet 'dispatcherServlet'
2024-12-05T16:59:06.862-05:00  INFO 12240 --- [msvc-security] [nio-8050-exec-1] o.s.web.servlet.DispatcherServlet        : Completed initialization in 1 ms
